<?xml version="1.0" encoding="UTF-8"?>
<testsuite xmlns:xsi="http://www.w3.org/2001/XMLSchema-instance" xsi:noNamespaceSchemaLocation="https://maven.apache.org/surefire/maven-surefire-plugin/xsd/surefire-test-report.xsd" name="com.talenteo.hr.api.AddressResourceTest" time="39.696" tests="2" errors="0" skipped="0" failures="0">
  <properties>
[...]
</properties>
  <testcase name="should_return_forbidden_when_creating_address" classname="com.talenteo.hr.api.AddressResourceTest" time="1.345"/>
  <testcase name="should_return_ok_when_creating_address" classname="com.talenteo.hr.api.AddressResourceTest" time="0.009"/>
</testsuite>